41.0 APEX_CODE,DEBUG;APEX_PROFILING,INFO;CALLOUT,INFO;DB,ERROR;SYSTEM,FINEST;VALIDATION,INFO;VISUALFORCE,INFO;WAVE,INFO;WORKFLOW,ERROR
07:46:54.0 (502996)|EXECUTION_STARTED
07:46:54.0 (532643)|CODE_UNIT_STARTED|[EXTERNAL]|VisualForce View State
07:46:54.0 (18348036)|CODE_UNIT_FINISHED|VisualForce View State
07:46:54.0 (19297718)|EXECUTION_FINISHED
07:46:54.456 (456156147)|VF_PAGE_MESSAGE|Compile Error: No such property, url, defined on this annotation: RestResource at line 1 column 15
07:46:54.456 (474054242)|VF_SERIALIZE_VIEWSTATE_BEGIN|
07:46:54.456 (477963192)|VF_SERIALIZE_VIEWSTATE_END
07:46:54.486 (486394092)|CUMULATIVE_LIMIT_USAGE
07:46:54.486 (486394092)|LIMIT_USAGE_FOR_NS|(default)|
  Number of SOQL queries: 0 out of 100
  Number of query rows: 0 out of 50000
  Number of SOSL queries: 0 out of 20
  Number of DML statements: 0 out of 150
  Number of DML rows: 0 out of 10000
  Maximum CPU time: 0 out of 10000
  Maximum heap size: 0 out of 6000000
  Number of callouts: 0 out of 100
  Number of Email Invocations: 0 out of 10
  Number of future calls: 0 out of 50
  Number of queueable jobs added to the queue: 0 out of 50
  Number of Mobile Apex push calls: 0 out of 10

07:46:54.486 (486394092)|CUMULATIVE_LIMIT_USAGE_END

