41.0 APEX_CODE,DEBUG;APEX_PROFILING,INFO;CALLOUT,INFO;DB,ERROR;SYSTEM,FINEST;VALIDATION,INFO;VISUALFORCE,INFO;WAVE,INFO;WORKFLOW,ERROR
07:47:31.0 (350669)|EXECUTION_STARTED
07:47:31.0 (376223)|CODE_UNIT_STARTED|[EXTERNAL]|VisualForce View State
07:47:31.0 (18449669)|CODE_UNIT_FINISHED|VisualForce View State
07:47:31.0 (19345486)|EXECUTION_FINISHED
07:47:31.509 (509976214)|CUMULATIVE_LIMIT_USAGE
07:47:31.509 (509976214)|LIMIT_USAGE_FOR_NS|(default)|
  Number of SOQL queries: 0 out of 100
  Number of query rows: 0 out of 50000
  Number of SOSL queries: 0 out of 20
  Number of DML statements: 0 out of 150
  Number of DML rows: 0 out of 10000
  Maximum CPU time: 0 out of 10000
  Maximum heap size: 0 out of 6000000
  Number of callouts: 0 out of 100
  Number of Email Invocations: 0 out of 10
  Number of future calls: 0 out of 50
  Number of queueable jobs added to the queue: 0 out of 50
  Number of Mobile Apex push calls: 0 out of 10

07:47:31.509 (509976214)|CUMULATIVE_LIMIT_USAGE_END

